<?xml version="1.0" encoding="UTF-8"?>
<testng-results ignored="0" total="1" passed="1" failed="0" skipped="0">
  <reporter-output>
  </reporter-output>
  <suite started-at="2024-09-10T13:30:07 IST" name="Default suite" finished-at="2024-09-10T13:30:54 IST" duration-ms="47779">
    <groups>
    </groups>
    <test started-at="2024-09-10T13:30:07 IST" name="Default test" finished-at="2024-09-10T13:30:54 IST" duration-ms="47779">
      <class name="com.ShopperStack_testScripts.TC_002_Verify_user_is_able_to_delete_address_or_not_Test">
        <test-method is-config="true" signature="beforeSuite()[pri:0, instance:com.ShopperStack_testScripts.TC_002_Verify_user_is_able_to_delete_address_or_not_Test@815b41f]" started-at="2024-09-10T13:30:07 IST" name="beforeSuite" finished-at="2024-09-10T13:30:07 IST" duration-ms="9" status="PASS">
          <reporter-output>
          </reporter-output>
        </test-method> <!-- beforeSuite -->
        <test-method is-config="true" signature="beforeTest()[pri:0, instance:com.ShopperStack_testScripts.TC_002_Verify_user_is_able_to_delete_address_or_not_Test@815b41f]" started-at="2024-09-10T13:30:07 IST" name="beforeTest" finished-at="2024-09-10T13:30:07 IST" duration-ms="212" status="PASS">
          <reporter-output>
          </reporter-output>
        </test-method> <!-- beforeTest -->
        <test-method is-config="true" signature="beforeClass()[pri:0, instance:com.ShopperStack_testScripts.TC_002_Verify_user_is_able_to_delete_address_or_not_Test@815b41f]" started-at="2024-09-10T13:30:07 IST" name="beforeClass" finished-at="2024-09-10T13:30:11 IST" duration-ms="3955" status="PASS">
          <reporter-output>
          </reporter-output>
        </test-method> <!-- beforeClass -->
        <test-method is-config="true" signature="beforeMethod()[pri:0, instance:com.ShopperStack_testScripts.TC_002_Verify_user_is_able_to_delete_address_or_not_Test@815b41f]" started-at="2024-09-10T13:30:11 IST" name="beforeMethod" finished-at="2024-09-10T13:30:34 IST" duration-ms="23491" status="PASS">
          <reporter-output>
          </reporter-output>
        </test-method> <!-- beforeMethod -->
        <test-method signature="deleteAddress()[pri:0, instance:com.ShopperStack_testScripts.TC_002_Verify_user_is_able_to_delete_address_or_not_Test@815b41f]" started-at="2024-09-10T13:30:34 IST" name="deleteAddress" finished-at="2024-09-10T13:30:45 IST" duration-ms="10240" status="PASS">
          <reporter-output>
          </reporter-output>
        </test-method> <!-- deleteAddress -->
        <test-method is-config="true" signature="afterMethod()[pri:0, instance:com.ShopperStack_testScripts.TC_002_Verify_user_is_able_to_delete_address_or_not_Test@815b41f]" started-at="2024-09-10T13:30:45 IST" name="afterMethod" finished-at="2024-09-10T13:30:50 IST" duration-ms="5645" status="PASS">
          <reporter-output>
          </reporter-output>
        </test-method> <!-- afterMethod -->
        <test-method is-config="true" signature="afterClass()[pri:0, instance:com.ShopperStack_testScripts.TC_002_Verify_user_is_able_to_delete_address_or_not_Test@815b41f]" started-at="2024-09-10T13:30:50 IST" name="afterClass" finished-at="2024-09-10T13:30:54 IST" duration-ms="3308" status="PASS">
          <reporter-output>
          </reporter-output>
        </test-method> <!-- afterClass -->
        <test-method is-config="true" signature="afterTest()[pri:0, instance:com.ShopperStack_testScripts.TC_002_Verify_user_is_able_to_delete_address_or_not_Test@815b41f]" started-at="2024-09-10T13:30:54 IST" name="afterTest" finished-at="2024-09-10T13:30:54 IST" duration-ms="897" status="PASS">
          <reporter-output>
          </reporter-output>
        </test-method> <!-- afterTest -->
        <test-method is-config="true" signature="afterSuite()[pri:0, instance:com.ShopperStack_testScripts.TC_002_Verify_user_is_able_to_delete_address_or_not_Test@815b41f]" started-at="2024-09-10T13:30:55 IST" name="afterSuite" finished-at="2024-09-10T13:30:55 IST" duration-ms="0" status="PASS">
          <reporter-output>
          </reporter-output>
        </test-method> <!-- afterSuite -->
      </class> <!-- com.ShopperStack_testScripts.TC_002_Verify_user_is_able_to_delete_address_or_not_Test -->
    </test> <!-- Default test -->
  </suite> <!-- Default suite -->
</testng-results>
